<?xml version="1.0" encoding="UTF-8"?>
<!-- Generated by org.testng.reporters.JUnitReportReporter -->
<testsuite name="allClasses.RunGoogle" tests="1" time="3.470" ignored="0" failures="0" timestamp="13 Oct 2017 11:42:46 GMT" skipped="0" hostname="KIHYDL0433" errors="0">
  <testcase name="openGoogle" time="3.470" classname="allClasses.RunGoogle"/>
</testsuite> <!-- allClasses.RunGoogle -->
